<?xml version="1.0" encoding="UTF-8"?>
<testsuite xmlns:xsi="http://www.w3.org/2001/XMLSchema-instance" xsi:noNamespaceSchemaLocation="https://maven.apache.org/surefire/maven-surefire-plugin/xsd/surefire-test-report-3.0.xsd" version="3.0" name="org.json.simple.TestJsonValue" time="0.176" tests="3" errors="0" skipped="0" failures="0">
  <properties>
[...]
</properties>
  <testcase name="testParseWhenGivenInvalidJSONStringThenReturnsNullAndThrowsException" classname="org.json.simple.TestJsonValue" time="0.135"/>
  <testcase name="testParseWhenGivenValidJSONStringThenReturnsObjectAndDoesNotThrowAnyException" classname="org.json.simple.TestJsonValue" time="0.002"/>
  <testcase name="testWriteJSONStringWhenGivenNonNullObjectThenWritesItCorrectly" classname="org.json.simple.TestJsonValue" time="0.001"/>
</testsuite>